
Next Commit on 2023-10-02
.
..
.git
.github
LICENSE
README.md
commit.log
doodle-Identifier
index.html
jsfmt.log
tidy.log
\n \n
Next Commit on 2023-10-02
.
..
.git
.github
LICENSE
README.md
commit.log
doodle-Identifier
index.html
jsfmt.log
tidy.log
Next Commit on 2023-10-02
.
..
.git
.github
LICENSE
README.md
commit.log
doodle-Identifier
index.html
jsfmt.log
tidy.log
Next Commit on 2023-10-07
.
..
.git
.github
LICENSE
README.md
commit.log
doodle-Identifier
index.html
jsfmt.log
tidy.log
Next Commit on 2023-10-07
.
..
.git
.github
LICENSE
README.md
commit.log
doodle-Identifier
index.html
jsfmt.log
tidy.log
Next Commit on 2023-10-07
.
..
.git
.github
LICENSE
README.md
commit.log
doodle-Identifier
index.html
jsfmt.log
tidy.log
Next Commit on 2023-10-07
.
..
.git
.github
LICENSE
README.md
commit.log
doodle-Identifier
index.html
jsfmt.log
tidy.log
